c:\dev\molten\molten\x64\debug\vc142.pdb
c:\dev\molten\molten\x64\debug\vc142.idb
c:\dev\molten\molten\x64\debug\testtexture2d.obj
c:\dev\molten\molten\x64\debug\testclearcolor.obj
c:\dev\molten\molten\x64\debug\test.obj
c:\dev\molten\molten\x64\debug\application.obj
c:\dev\molten\molten\x64\debug\stb_image.obj
c:\dev\molten\molten\x64\debug\imgui_widgets.obj
c:\dev\molten\molten\x64\debug\imgui_impl_opengl3.obj
c:\dev\molten\molten\x64\debug\imgui_impl_glfw.obj
c:\dev\molten\molten\x64\debug\imgui_draw.obj
c:\dev\molten\molten\x64\debug\imgui_demo.obj
c:\dev\molten\molten\x64\debug\imgui.obj
c:\dev\molten\molten\x64\debug\vertexbuffer.obj
c:\dev\molten\molten\x64\debug\vertexarray.obj
c:\dev\molten\molten\x64\debug\texture.obj
c:\dev\molten\molten\x64\debug\shader.obj
c:\dev\molten\molten\x64\debug\renderer.obj
c:\dev\molten\molten\x64\debug\logging.obj
c:\dev\molten\molten\x64\debug\indexbuffer.obj
c:\dev\molten\x64\debug\molten.exe
c:\dev\molten\x64\debug\molten.ilk
c:\dev\molten\x64\debug\molten.pdb
c:\dev\molten\molten\x64\debug\molten.tlog\cl.command.1.tlog
c:\dev\molten\molten\x64\debug\molten.tlog\cl.read.1.tlog
c:\dev\molten\molten\x64\debug\molten.tlog\cl.write.1.tlog
c:\dev\molten\molten\x64\debug\molten.tlog\link.command.1.tlog
c:\dev\molten\molten\x64\debug\molten.tlog\link.read.1.tlog
c:\dev\molten\molten\x64\debug\molten.tlog\link.write.1.tlog
