  Application.cpp
  IndexBuffer.cpp
  Logging.cpp
  Renderer.cpp
  Shader.cpp
  Test.cpp
  TestClearColor.cpp
  TestTexture2D.cpp
C:\Program Files (x86)\Microsoft Visual Studio\2019\Community\VC\Tools\MSVC\14.24.28314\include\memory(2055,56): warning C4244: 'argument': conversion from '_Ty' to 'unsigned int', possible loss of data
          with
          [
              _Ty=unsigned __int64
          ]
C:\dev\Molten\Molten\src\tests\TestTexture2D.cpp(31): message : see reference to function template instantiation 'std::unique_ptr<VertexBuffer,std::default_delete<VertexBuffer>> std::make_unique<VertexBuffer,float(&)[16],unsigned __int64,0>(float (&)[16],unsigned __int64 &&)' being compiled
  Texture.cpp
  imgui.cpp
  imgui_demo.cpp
  imgui_draw.cpp
  imgui_impl_glfw.cpp
  imgui_impl_opengl3.cpp
  imgui_widgets.cpp
  stb_image.cpp
  VertexArray.cpp
C:\dev\Molten\Molten\src\VertexArray.cpp(23,134): warning C4312: 'reinterpret_cast': conversion from 'unsigned int' to 'const void *' of greater size
  VertexBuffer.cpp
  Generating Code...
LINK : warning LNK4098: defaultlib 'LIBCMT' conflicts with use of other libs; use /NODEFAULTLIB:library
LINK : warning LNK4098: defaultlib 'MSVCRT' conflicts with use of other libs; use /NODEFAULTLIB:library
glew32s.lib(glew.obj) : warning LNK4099: PDB 'vc120.pdb' was not found with 'glew32s.lib(glew.obj)' or at 'C:\dev\Molten\x64\Debug\vc120.pdb'; linking object as if no debug info
  Molten.vcxproj -> C:\dev\Molten\x64\Debug\Molten.exe
